<?xml version="1.0" encoding="UTF-8"?>
<!-- Generated by org.testng.reporters.JUnitXMLReporter -->
<testsuite ignored="0" hostname="JAMOCHA30" failures="0" tests="1" name="net.testcases_worktimemodule.User" time="34.719" errors="0" timestamp="2024-06-28T16:36:38 IST">
  <testcase classname="net.testcases_worktimemodule.User_adminmenu.UsersBulkUploadForInactiveUsersWithMissingFields" name="usersBulkUploadForInactiveUsersWithMissingFields" time="33.838"/>
</testsuite> <!-- net.testcases_worktimemodule.User -->
