<?xml version="1.0" encoding="UTF-8"?>
<!-- Generated by org.testng.reporters.JUnitXMLReporter -->
<testsuite ignored="0" hostname="JAMOCHA30" failures="0" tests="13" name="net.testcases_worktimemodule.validate_worktemplate_addmodifydelete_administrationmenu" time="247.297" errors="0" timestamp="2024-06-27T19:04:22 IST">
  <testcase classname="net.testcases_worktimemodule.validate_worktemplate_addmodifydelete_administrationmenu.WorkTemplateAdd" name="workTemplateAdd" time="36.693"/>
  <testcase classname="net.testcases_worktimemodule.validate_worktemplate_addmodifydelete_administrationmenu.WorkTemplateModify" name="workTemplateModify" time="18.707"/>
  <testcase classname="net.testcases_worktimemodule.validate_worktemplate_addmodifydelete_administrationmenu.WorkTemplateDelete" name="workTemplateDelete" time="31.348"/>
  <testcase classname="net.testcases_worktimemodule.validate_worktemplate_addmodifydelete_administrationmenu.WorkTemplateDefineDayTypesAdd" name="defineDayTypeAdd" time="9.592"/>
  <testcase classname="net.testcases_worktimemodule.validate_worktemplate_addmodifydelete_administrationmenu.WorkTemplateDefineDayTypesModify" name="defineDayTypeModify" time="12.504"/>
  <testcase classname="net.testcases_worktimemodule.validate_worktemplate_addmodifydelete_administrationmenu.WorkTemplateDefineDayTypesDelete" name="defineDayTypeDelete" time="22.783"/>
  <testcase classname="net.testcases_worktimemodule.validate_worktemplate_addmodifydelete_administrationmenu.WorkTemplatePDFValidation" name="workTemplatePDFValidation" time="17.523"/>
  <testcase classname="net.testcases_worktimemodule.validate_worktemplate_addmodifydelete_administrationmenu.WorkTemplateExcelValidation" name="workTemplateExcelValidation" time="16.665"/>
  <testcase classname="net.testcases_worktimemodule.validate_worktemplate_addmodifydelete_administrationmenu.DayTypeAddDuplicateValidation" name="addDuplicateValidation" time="21.947"/>
  <testcase classname="net.testcases_worktimemodule.validate_worktemplate_addmodifydelete_administrationmenu.DefineDayTypeClearButtonValditaion" name="validateClearButton" time="8.92"/>
  <testcase classname="net.testcases_worktimemodule.validate_worktemplate_addmodifydelete_administrationmenu.EmptyDayTypeAndAliasValidation" name="emptyDayTypeAndAliasValidation" time="10.348"/>
  <testcase classname="net.testcases_worktimemodule.validate_worktemplate_addmodifydelete_administrationmenu.WorkTemplateTableSortingValidation" name="workTemplateTableSortingValidation" time="17.664"/>
  <testcase classname="net.testcases_worktimemodule.validate_worktemplate_addmodifydelete_administrationmenu.WorkTemplateValidateRecordsToDisplay" name="workTemplatePDFValidation" time="15.906"/>
</testsuite> <!-- net.testcases_worktimemodule.validate_worktemplate_addmodifydelete_administrationmenu -->
