<?xml version="1.0" encoding="UTF-8"?>
<!-- Generated by org.testng.reporters.JUnitXMLReporter -->
<testsuite ignored="0" hostname="JAMOCHA30" failures="0" tests="2" name="net.testcases_worktimemodule.OrganizationSettingsAddModifyDeleteForSuperadmin" time="118.311" errors="0" timestamp="2024-06-27T18:56:45 IST">
  <testcase classname="net.testcases_worktimemodule.OrganizationSettingsAddModifyDeleteForSuperadmin.AddNewOrganizations" name="addNewOrganizations" time="92.72"/>
  <testcase classname="net.testcases_worktimemodule.OrganizationSettingsAddModifyDeleteForSuperadmin.ModifyOrganizations" name="modifyTheOrganization" time="23.852"/>
</testsuite> <!-- net.testcases_worktimemodule.OrganizationSettingsAddModifyDeleteForSuperadmin -->
