<?xml version="1.0" encoding="UTF-8"?>
<!-- Generated by org.testng.reporters.JUnitXMLReporter -->
<testsuite ignored="0" hostname="JAMOCHA30" failures="0" tests="7" name="UserDomain" time="159.364" errors="0" timestamp="2024-06-26T20:20:10 IST">
  <testcase classname="net.testcases_worktimemodule.validate_userdomain_administrationmenu.UserDomainPDFValidation" name="pdf" time="14.094"/>
  <testcase classname="net.testcases_worktimemodule.validate_userdomain_administrationmenu.UserDomainDeleteFunction" name="deleteNewFunction" time="14.053"/>
  <testcase classname="net.testcases_worktimemodule.validate_userdomain_administrationmenu.UserDomainExcelValidation" name="excelValidation" time="13.732"/>
  <testcase classname="net.testcases_worktimemodule.validate_userdomain_administrationmenu.UserDomainAddFunction" name="addNewFunction" time="62.954"/>
  <testcase classname="net.testcases_worktimemodule.validate_userdomain_administrationmenu.UserDomainModify" name="modifyFunction" time="22.555">
    <skipped/>
  </testcase> <!-- modifyFunction -->
  <testcase classname="net.testcases_worktimemodule.validate_userdomain_administrationmenu.UserDomainModify" name="modifyFunction" time="14.04"/>
  <testcase classname="net.testcases_worktimemodule.validate_userdomain_administrationmenu.UserDomainSortingFuncton" name="sortingFunction" time="16.042"/>
</testsuite> <!-- UserDomain -->
