<?xml version="1.0" encoding="UTF-8"?>
<!-- Generated by org.testng.reporters.JUnitXMLReporter -->
<testsuite ignored="0" hostname="JAMOCHA30" failures="0" tests="3" name="WorkProfile" time="182.014" errors="0" timestamp="2024-06-28T12:08:23 IST">
  <testcase classname="net.testcases_worktimemodule.validate_workprofile_administrationmenu.WorkProfileForDelete" name="deletionOnWorkProfiles" time="50.952">
    <skipped/>
  </testcase> <!-- deletionOnWorkProfiles -->
  <testcase classname="net.testcases_worktimemodule.validate_workprofile_administrationmenu.WorkProfileForDelete" name="deletionOnWorkProfiles" time="113.708">
    <skipped/>
  </testcase> <!-- deletionOnWorkProfiles -->
  <testcase classname="net.testcases_worktimemodule.validate_workprofile_administrationmenu.WorkProfileForDelete" name="deletionOnWorkProfiles" time="15.396"/>
</testsuite> <!-- WorkProfile -->
