<?xml version="1.0" encoding="UTF-8"?>
<!-- Generated by org.testng.reporters.JUnitXMLReporter -->
<testsuite ignored="0" hostname="JAMOCHA30" failures="0" tests="4" name="Category" time="262.96" errors="0" timestamp="2024-06-10T14:11:16 IST">
  <testcase classname="net.testcases_worktimemodule.categories_category_administrationmenu.AddCategory" name="addCategory" time="16.764"/>
  <testcase classname="net.testcases_worktimemodule.categories_category_administrationmenu.ModifyCategory" name="modifyCategory" time="66.849">
    <skipped/>
  </testcase> <!-- modifyCategory -->
  <testcase classname="net.testcases_worktimemodule.categories_category_administrationmenu.ModifyCategory" name="modifyCategory" time="17.628"/>
  <testcase classname="net.testcases_worktimemodule.categories_category_administrationmenu.DeleteCategory" name="deleteCategory" time="159.428"/>
</testsuite> <!-- Category -->
