<?xml version="1.0" encoding="UTF-8"?>
<!-- Generated by org.testng.reporters.JUnitXMLReporter -->
<testsuite ignored="0" hostname="JAMOCHA30" failures="0" tests="7" name="CHrome" time="113.484" errors="0" timestamp="2024-06-03T17:51:14 IST">
  <testcase classname="net.testcases_worktimemodule.validate_workprofile_administrationmenu.WorkProfileForAddingNew" name="AddingNewWorkProfiles" time="13.757"/>
  <testcase classname="net.testcases_worktimemodule.validate_workprofile_administrationmenu.WorkProfilesForClone" name="cloneOnWorkProfiles" time="11.141"/>
  <testcase classname="net.testcases_worktimemodule.validate_workprofile_administrationmenu.WorkProfileValidateWithTeams" name="cloneOnWorkProfiles" time="19.834"/>
  <testcase classname="net.testcases_worktimemodule.validate_workprofile_administrationmenu.WorkProfilesExcelValidation" name="cloneOnWorkProfiles" time="23.33"/>
  <testcase classname="net.testcases_worktimemodule.validate_workprofile_administrationmenu.WorkProfilesDeleteWithDependency" name="cloneOnWorkProfiles" time="14.522"/>
  <testcase classname="net.testcases_worktimemodule.validate_workprofile_administrationmenu.WorkProfileForModification" name="modificationOnWorkProfiles" time="12.639"/>
  <testcase classname="net.testcases_worktimemodule.validate_workprofile_administrationmenu.WorkProfileForDelete" name="deletionOnWorkProfiles" time="14.904"/>
</testsuite> <!-- CHrome -->
