<?xml version="1.0" encoding="UTF-8"?>
<!-- Generated by org.testng.reporters.JUnitXMLReporter -->
<testsuite ignored="0" hostname="JAMOCHA30" failures="0" tests="11" name="net.testcases_worktimemodule.usergroup_addmodifydelete_with_bulkupload_and_validate_offlinereports_in_mysql" time="252.327" errors="0" timestamp="2024-06-27T19:46:00 IST">
  <testcase classname="net.testcases_worktimemodule.usergroup_addmodifydelete_with_bulkupload_and_validate_offlinereports_in_mysql.AddUserGroupInMysql" name="addUserGroupInMysql" time="26.318"/>
  <testcase classname="net.testcases_worktimemodule.usergroup_addmodifydelete_with_bulkupload_and_validate_offlinereports_in_mysql.ModifyUserGroupInMysql" name="modifyUserGroupInMysql" time="8.38">
    <skipped/>
  </testcase> <!-- modifyUserGroupInMysql -->
  <testcase classname="net.testcases_worktimemodule.usergroup_addmodifydelete_with_bulkupload_and_validate_offlinereports_in_mysql.ModifyUserGroupInMysql" name="modifyUserGroupInMysql" time="7.203">
    <skipped/>
  </testcase> <!-- modifyUserGroupInMysql -->
  <testcase classname="net.testcases_worktimemodule.usergroup_addmodifydelete_with_bulkupload_and_validate_offlinereports_in_mysql.ModifyUserGroupInMysql" name="modifyUserGroupInMysql" time="29.737"/>
  <testcase classname="net.testcases_worktimemodule.usergroup_addmodifydelete_with_bulkupload_and_validate_offlinereports_in_mysql.DeleteUserGroupInMysql" name="deleteUserGroupInMysql" time="30.094"/>
  <testcase classname="net.testcases_worktimemodule.usergroup_addmodifydelete_with_bulkupload_and_validate_offlinereports_in_mysql.ExcelDataValidationForUserGroupTable" name="excelValidateUserGroupInMysql" time="8.161">
    <skipped/>
  </testcase> <!-- excelValidateUserGroupInMysql -->
  <testcase classname="net.testcases_worktimemodule.usergroup_addmodifydelete_with_bulkupload_and_validate_offlinereports_in_mysql.ExcelDataValidationForUserGroupTable" name="excelValidateUserGroupInMysql" time="22.271"/>
  <testcase classname="net.testcases_worktimemodule.usergroup_addmodifydelete_with_bulkupload_and_validate_offlinereports_in_mysql.PDFDataValidationForUserGroupTable" name="pdfValidationUserGroupInMysql" time="17.139"/>
  <testcase classname="net.testcases_worktimemodule.usergroup_addmodifydelete_with_bulkupload_and_validate_offlinereports_in_mysql.UserGroupBulkUploadAddMysql" name="addUserGroupInMysql" time="30.304"/>
  <testcase classname="net.testcases_worktimemodule.usergroup_addmodifydelete_with_bulkupload_and_validate_offlinereports_in_mysql.UserGroupBulkUploadModifyMysql" name="modifyUserGroupInMysql" time="34.087"/>
  <testcase classname="net.testcases_worktimemodule.usergroup_addmodifydelete_with_bulkupload_and_validate_offlinereports_in_mysql.UserGroupBulkUploadDeleteMysql" name="deleteUserGroupInMysql" time="33.052"/>
</testsuite> <!-- net.testcases_worktimemodule.usergroup_addmodifydelete_with_bulkupload_and_validate_offlinereports_in_mysql -->
