<?xml version="1.0" encoding="UTF-8"?>
<!-- Generated by org.testng.reporters.JUnitXMLReporter -->
<testsuite ignored="0" hostname="JAMOCHA30" failures="2" tests="4" name="InternetExplorer" time="32.256" errors="0" timestamp="2024-05-27T12:50:09 IST">
  <testcase classname="net.testcases_worktimemodule.validate_userdomain_administrationmenu.UserDomainPDFValidation" name="pdf" time="18.574">
    <skipped/>
  </testcase> <!-- pdf -->
  <testcase classname="net.testcases_worktimemodule.validate_userdomain_administrationmenu.UserDomainPDFValidation" name="pdf" time="5.586">
    <skipped/>
  </testcase> <!-- pdf -->
  <testcase classname="net.testcases_worktimemodule.validate_userdomain_administrationmenu.UserDomainPDFValidation" name="pdf" time="6.074">
    <failure type="org.openqa.selenium.WebDriverException" message="target frame detached
  (failed to check if window was closed: disconnected: Unable to receive message from renderer)
  (Session info: MicrosoftEdge=125.0.2535.51)
Build info: version: &amp;apos;4.13.0&amp;apos;, revision: &amp;apos;ba948ece5b*&amp;apos;
System info: os.name: &amp;apos;Windows 10&amp;apos;, os.arch: &amp;apos;amd64&amp;apos;, os.version: &amp;apos;10.0&amp;apos;, java.version: &amp;apos;11.0.21&amp;apos;
Driver info: org.openqa.selenium.edge.EdgeDriver
Command: [99ef4e795b9076656138fa23196b791f, sendKeysToElement {id=f.5E38FDBDCDEAFFB8ACBFA1F274D6F53A.d.71E2ED6EB256B96CA80BB39D5F30E09C.e.2, value=[Ljava.lang.CharSequence;@737445ab}]
Capabilities {acceptInsecureCerts: false, browserName: MicrosoftEdge, browserVersion: 125.0.2535.51, fedcm:accounts: true, ms:edgeOptions: {debuggerAddress: localhost:56236}, msedge: {msedgedriverVersion: 125.0.2535.67 (626a82df5fa7..., userDataDir: C:\Users\pavana.c\AppData\L...}, networkConnectionEnabled: false, pageLoadStrategy: normal, platformName: windows, proxy: Proxy(), se:cdp: ws://localhost:56236/devtoo..., se:cdpVersion: 125.0.2535.51, setWindowRect: true, strictFileInteractability: false, timeouts: {implicit: 0, pageLoad: 300000, script: 30000}, unhandledPromptBehavior: dismiss and notify, webauthn:extension:credBlob: true, webauthn:extension:largeBlob: true, webauthn:extension:minPinLength: true, webauthn:extension:prf: true, webauthn:virtualAuthenticators: true}
Element: [[EdgeDriver: MicrosoftEdge on windows (99ef4e795b9076656138fa23196b791f)] -&amp;gt; id: tlogin]
Session ID: 99ef4e795b9076656138fa23196b791f">
      <![CDATA[org.openqa.selenium.WebDriverException: target frame detached
  (failed to check if window was closed: disconnected: Unable to receive message from renderer)
  (Session info: MicrosoftEdge=125.0.2535.51)
Build info: version: '4.13.0', revision: 'ba948ece5b*'
System info: os.name: 'Windows 10', os.arch: 'amd64', os.version: '10.0', java.version: '11.0.21'
Driver info: org.openqa.selenium.edge.EdgeDriver
Command: [99ef4e795b9076656138fa23196b791f, sendKeysToElement {id=f.5E38FDBDCDEAFFB8ACBFA1F274D6F53A.d.71E2ED6EB256B96CA80BB39D5F30E09C.e.2, value=[Ljava.lang.CharSequence;@737445ab}]
Capabilities {acceptInsecureCerts: false, browserName: MicrosoftEdge, browserVersion: 125.0.2535.51, fedcm:accounts: true, ms:edgeOptions: {debuggerAddress: localhost:56236}, msedge: {msedgedriverVersion: 125.0.2535.67 (626a82df5fa7..., userDataDir: C:\Users\pavana.c\AppData\L...}, networkConnectionEnabled: false, pageLoadStrategy: normal, platformName: windows, proxy: Proxy(), se:cdp: ws://localhost:56236/devtoo..., se:cdpVersion: 125.0.2535.51, setWindowRect: true, strictFileInteractability: false, timeouts: {implicit: 0, pageLoad: 300000, script: 30000}, unhandledPromptBehavior: dismiss and notify, webauthn:extension:credBlob: true, webauthn:extension:largeBlob: true, webauthn:extension:minPinLength: true, webauthn:extension:prf: true, webauthn:virtualAuthenticators: true}
Element: [[EdgeDriver: MicrosoftEdge on windows (99ef4e795b9076656138fa23196b791f)] -> id: tlogin]
Session ID: 99ef4e795b9076656138fa23196b791f
at org.openqa.selenium.remote.codec.w3c.W3CHttpResponseCodec.createException(W3CHttpResponseCodec.java:200)
at org.openqa.selenium.remote.codec.w3c.W3CHttpResponseCodec.decode(W3CHttpResponseCodec.java:133)
at org.openqa.selenium.remote.codec.w3c.W3CHttpResponseCodec.decode(W3CHttpResponseCodec.java:52)
at org.openqa.selenium.remote.HttpCommandExecutor.execute(HttpCommandExecutor.java:191)
at org.openqa.selenium.remote.service.DriverCommandExecutor.invokeExecute(DriverCommandExecutor.java:196)
at org.openqa.selenium.remote.service.DriverCommandExecutor.execute(DriverCommandExecutor.java:171)
at org.openqa.selenium.remote.RemoteWebDriver.execute(RemoteWebDriver.java:602)
at org.openqa.selenium.remote.RemoteWebElement.execute(RemoteWebElement.java:224)
at org.openqa.selenium.remote.RemoteWebElement.sendKeys(RemoteWebElement.java:111)
at org.openqa.selenium.support.pagefactory.internal.LocatingElementHandler.invoke(LocatingElementHandler.java:51)
at com.sun.proxy.$Proxy21.sendKeys(Unknown Source)
at net.pages_worktimemodule.loginPage.clickLogin(loginPage.java:62)
at net.testcases_worktimemodule.validate_userdomain_administrationmenu.UserDomainPDFValidation.pdf(UserDomainPDFValidation.java:37)
at java.base/java.util.ArrayList.forEach(ArrayList.java:1541)
... Removed 35 stack frames]]>
    </failure>
  </testcase> <!-- pdf -->
  <testcase classname="net.testcases_worktimemodule.validate_userdomain_administrationmenu.UserDomainPDFValidation" name="pdf" time="31.801">
    <failure type="org.openqa.selenium.WebDriverException" message="disconnected: not connected to DevTools
  (failed to check if window was closed: disconnected: not connected to DevTools)
  (Session info: MicrosoftEdge=125.0.2535.51)
Build info: version: &amp;apos;4.13.0&amp;apos;, revision: &amp;apos;ba948ece5b*&amp;apos;
System info: os.name: &amp;apos;Windows 10&amp;apos;, os.arch: &amp;apos;amd64&amp;apos;, os.version: &amp;apos;10.0&amp;apos;, java.version: &amp;apos;11.0.21&amp;apos;
Driver info: org.openqa.selenium.edge.EdgeDriver
Command: [99ef4e795b9076656138fa23196b791f, screenshot {}]
Capabilities {acceptInsecureCerts: false, browserName: MicrosoftEdge, browserVersion: 125.0.2535.51, fedcm:accounts: true, ms:edgeOptions: {debuggerAddress: localhost:56236}, msedge: {msedgedriverVersion: 125.0.2535.67 (626a82df5fa7..., userDataDir: C:\Users\pavana.c\AppData\L...}, networkConnectionEnabled: false, pageLoadStrategy: normal, platformName: windows, proxy: Proxy(), se:cdp: ws://localhost:56236/devtoo..., se:cdpVersion: 125.0.2535.51, setWindowRect: true, strictFileInteractability: false, timeouts: {implicit: 0, pageLoad: 300000, script: 30000}, unhandledPromptBehavior: dismiss and notify, webauthn:extension:credBlob: true, webauthn:extension:largeBlob: true, webauthn:extension:minPinLength: true, webauthn:extension:prf: true, webauthn:virtualAuthenticators: true}
Session ID: 99ef4e795b9076656138fa23196b791f">
      <![CDATA[org.openqa.selenium.WebDriverException: disconnected: not connected to DevTools
  (failed to check if window was closed: disconnected: not connected to DevTools)
  (Session info: MicrosoftEdge=125.0.2535.51)
Build info: version: '4.13.0', revision: 'ba948ece5b*'
System info: os.name: 'Windows 10', os.arch: 'amd64', os.version: '10.0', java.version: '11.0.21'
Driver info: org.openqa.selenium.edge.EdgeDriver
Command: [99ef4e795b9076656138fa23196b791f, screenshot {}]
Capabilities {acceptInsecureCerts: false, browserName: MicrosoftEdge, browserVersion: 125.0.2535.51, fedcm:accounts: true, ms:edgeOptions: {debuggerAddress: localhost:56236}, msedge: {msedgedriverVersion: 125.0.2535.67 (626a82df5fa7..., userDataDir: C:\Users\pavana.c\AppData\L...}, networkConnectionEnabled: false, pageLoadStrategy: normal, platformName: windows, proxy: Proxy(), se:cdp: ws://localhost:56236/devtoo..., se:cdpVersion: 125.0.2535.51, setWindowRect: true, strictFileInteractability: false, timeouts: {implicit: 0, pageLoad: 300000, script: 30000}, unhandledPromptBehavior: dismiss and notify, webauthn:extension:credBlob: true, webauthn:extension:largeBlob: true, webauthn:extension:minPinLength: true, webauthn:extension:prf: true, webauthn:virtualAuthenticators: true}
Session ID: 99ef4e795b9076656138fa23196b791f
at org.openqa.selenium.remote.codec.w3c.W3CHttpResponseCodec.createException(W3CHttpResponseCodec.java:200)
at org.openqa.selenium.remote.codec.w3c.W3CHttpResponseCodec.decode(W3CHttpResponseCodec.java:133)
at org.openqa.selenium.remote.codec.w3c.W3CHttpResponseCodec.decode(W3CHttpResponseCodec.java:52)
at org.openqa.selenium.remote.HttpCommandExecutor.execute(HttpCommandExecutor.java:191)
at org.openqa.selenium.remote.service.DriverCommandExecutor.invokeExecute(DriverCommandExecutor.java:196)
at org.openqa.selenium.remote.service.DriverCommandExecutor.execute(DriverCommandExecutor.java:171)
at org.openqa.selenium.remote.RemoteWebDriver.execute(RemoteWebDriver.java:602)
at org.openqa.selenium.remote.RemoteWebDriver.execute(RemoteWebDriver.java:675)
at org.openqa.selenium.remote.RemoteWebDriver.execute(RemoteWebDriver.java:679)
at org.openqa.selenium.remote.RemoteWebDriver.getScreenshotAs(RemoteWebDriver.java:325)
at net.Commons.TestAllureListener.saveScreenshotPNG(TestAllureListener.java:21)
at net.Commons.TestAllureListener.onTestFailure(TestAllureListener.java:66)
at java.base/java.util.ArrayList.forEach(ArrayList.java:1541)
... Removed 28 stack frames]]>
    </failure>
  </testcase> <!-- pdf -->
</testsuite> <!-- InternetExplorer -->
