<?xml version="1.0" encoding="UTF-8"?>
<!-- Generated by org.testng.reporters.JUnitXMLReporter -->
<testsuite ignored="0" hostname="JAMOCHA30" failures="1" tests="1" name="OrganizationAdmin" time="30.71" errors="0" timestamp="2024-06-05T17:38:38 IST">
  <testcase classname="net.testcases_worktimemodule.OrganizationSetting.OrganizationWorLoadCategory" name="organizationWorLoadCategory" time="27.367">
    <failure type="java.util.NoSuchElementException">
      <![CDATA[java.util.NoSuchElementException
at java.base/java.util.LinkedHashMap$LinkedHashIterator.nextNode(LinkedHashMap.java:721)
at java.base/java.util.LinkedHashMap$LinkedKeyIterator.next(LinkedHashMap.java:741)
at net.testcases_worktimemodule.OrganizationSetting.OrganizationWorLoadCategory.organizationWorLoadCategory(OrganizationWorLoadCategory.java:54)
at java.base/java.util.ArrayList.forEach(ArrayList.java:1541)
... Removed 27 stack frames]]>
    </failure>
  </testcase> <!-- organizationWorLoadCategory -->
</testsuite> <!-- OrganizationAdmin -->
