<?xml version="1.0" encoding="UTF-8"?>
<!-- Generated by org.testng.reporters.JUnitXMLReporter -->
<testsuite ignored="0" hostname="JAMOCHA30" failures="1" tests="3" name="Test" time="28.802" errors="0" timestamp="2024-05-10T11:32:07 IST">
  <testcase classname="net.testcases_worktimemodule.validate_user_roles_administrationmenu.UserRolesAddNewMemberDelete" name="userRolesAddNewMemberDelete" time="13.377">
    <skipped/>
  </testcase> <!-- userRolesAddNewMemberDelete -->
  <testcase classname="net.testcases_worktimemodule.validate_user_roles_administrationmenu.UserRolesAddNewMemberDelete" name="userRolesAddNewMemberDelete" time="5.55">
    <skipped/>
  </testcase> <!-- userRolesAddNewMemberDelete -->
  <testcase classname="net.testcases_worktimemodule.validate_user_roles_administrationmenu.UserRolesAddNewMemberDelete" name="userRolesAddNewMemberDelete" time="5.338">
    <failure type="java.lang.NullPointerException">
      <![CDATA[java.lang.NullPointerException
at org.openqa.selenium.support.pagefactory.DefaultElementLocator.findElement(DefaultElementLocator.java:68)
at org.openqa.selenium.support.pagefactory.internal.LocatingElementHandler.invoke(LocatingElementHandler.java:38)
at com.sun.proxy.$Proxy14.sendKeys(Unknown Source)
at net.pages_worktimemodule.loginPage.clickLogin(loginPage.java:76)
at net.testcases_worktimemodule.validate_user_roles_administrationmenu.UserRolesAddNewMemberDelete.userRolesAddNewMemberDelete(UserRolesAddNewMemberDelete.java:36)
at java.base/java.util.ArrayList.forEach(ArrayList.java:1541)
... Removed 27 stack frames]]>
    </failure>
  </testcase> <!-- userRolesAddNewMemberDelete -->
</testsuite> <!-- Test -->
