<?xml version="1.0" encoding="UTF-8"?>
<!-- Generated by org.testng.reporters.JUnitXMLReporter -->
<testsuite ignored="0" hostname="JAMOCHA30" failures="0" tests="20" name="net.testcases_assetoptimizationmodule.softwaredefinitationCURDopertions" time="459.982" errors="0" timestamp="2024-06-10T13:48:15 IST">
  <testcase classname="net.testcases_assetoptimizationmodule.softwaredefinitationCURDopertions.SoftwareDefinitionForSoftwareTagsPdf" name="softwareDefinitationForSoftwareTagsCURD" time="24.036"/>
  <testcase classname="net.testcases_assetoptimizationmodule.softwaredefinitationCURDopertions.SoftwareDefinitionPdfExport" name="softwareDefinitation" time="18.707"/>
  <testcase classname="net.testcases_assetoptimizationmodule.softwaredefinitationCURDopertions.SoftwareDefinitationExcelExport" name="softwareDefinitation" time="19.192"/>
  <testcase classname="net.testcases_assetoptimizationmodule.softwaredefinitationCURDopertions.SoftwareDefinitationForSoftwareTagsCURD" name="softwareDefinitationForSoftwareTagsCURD" time="25.721">
    <skipped/>
  </testcase> <!-- softwareDefinitationForSoftwareTagsCURD -->
  <testcase classname="net.testcases_assetoptimizationmodule.softwaredefinitationCURDopertions.SoftwareDefinitationForSoftwareTagsCURD" name="softwareDefinitationForSoftwareTagsCURD" time="28.628"/>
  <testcase classname="net.testcases_assetoptimizationmodule.softwaredefinitationCURDopertions.SoftwareDefinitationWithMissingAssociatedProcessesField" name="softwareDefinitationWithMissingAssociatedProcessesField" time="16.3"/>
  <testcase classname="net.testcases_assetoptimizationmodule.softwaredefinitationCURDopertions.SoftwareDefinitationWithMissingNameField" name="softwareDefinitationWithMissingNameField" time="19.628"/>
  <testcase classname="net.testcases_assetoptimizationmodule.softwaredefinitationCURDopertions.SoftwareDefinitationForSoftwareTagsClear" name="softwareDefinitationForSoftwareTagsCURD" time="18.183"/>
  <testcase classname="net.testcases_assetoptimizationmodule.softwaredefinitationCURDopertions.SoftwareDefinitationClear" name="softwareDefinitationClear" time="17.868"/>
  <testcase classname="net.testcases_assetoptimizationmodule.softwaredefinitationCURDopertions.SoftwareDefinitationCURD" name="softwareDefinitation" time="28.636"/>
  <testcase classname="net.testcases_assetoptimizationmodule.softwaredefinitationCURDopertions.SoftwareDefinitationForSoftwareTagsWithMissingSoftwareTag" name="softwareDefinitationForSoftwareTagsCURD" time="19.157"/>
  <testcase classname="net.testcases_assetoptimizationmodule.softwaredefinitationCURDopertions.WorkStationGroupsCURD" name="workStationGroups" time="33.874"/>
  <testcase classname="net.testcases_assetoptimizationmodule.softwaredefinitationCURDopertions.WorkStationwithMissingNameFiled" name="workStationwithMissingNameFiled" time="15.209"/>
  <testcase classname="net.testcases_assetoptimizationmodule.softwaredefinitationCURDopertions.WorkStationwithMissingScanField" name="workStationwithMissingScanField" time="16.961"/>
  <testcase classname="net.testcases_assetoptimizationmodule.softwaredefinitationCURDopertions.SoftwaredefinitionForActivityTagPresent" name="softwareDefinitationForSoftwareTagsCURD" time="18.476"/>
  <testcase classname="net.testcases_assetoptimizationmodule.softwaredefinitationCURDopertions.SoftwareDefinitionActivityTagEnableInSoftwareTagPage" name="softwareDefinitionActivityTagEnableInSoftwareTagPage" time="58.705"/>
  <testcase classname="net.testcases_assetoptimizationmodule.softwaredefinitationCURDopertions.WorkStationPdfExport" name="workStationGroups" time="19.465"/>
  <testcase classname="net.testcases_assetoptimizationmodule.softwaredefinitationCURDopertions.WorkStationExcelExport" name="workStationGroups" time="17.583"/>
  <testcase classname="net.testcases_assetoptimizationmodule.softwaredefinitationCURDopertions.SoftwareDefinitionForSoftwareTagsExcelexport" name="softwareDefinitationForSoftwareTagsExcelexport" time="18.137"/>
  <testcase classname="net.testcases_assetoptimizationmodule.softwaredefinitationCURDopertions.WorkStationGroupsClear" name="workStationGroups" time="13.519"/>
</testsuite> <!-- net.testcases_assetoptimizationmodule.softwaredefinitationCURDopertions -->
