<?xml version="1.0" encoding="UTF-8"?>
<!-- Generated by org.testng.reporters.JUnitXMLReporter -->
<testsuite ignored="0" hostname="JAMOCHA30" failures="0" tests="10" name="WorkProfile" time="201.946" errors="0" timestamp="2024-06-10T14:48:36 IST">
  <testcase classname="net.testcases_worktimemodule.validate_workprofile_administrationmenu.WorkProfileForAddingNew" name="AddingNewWorkProfiles" time="19.623"/>
  <testcase classname="net.testcases_worktimemodule.validate_workprofile_administrationmenu.WorkProfilesForClone" name="cloneOnWorkProfiles" time="14.803"/>
  <testcase classname="net.testcases_worktimemodule.validate_workprofile_administrationmenu.WorkProfileValidateWithTeams" name="cloneOnWorkProfiles" time="27.674"/>
  <testcase classname="net.testcases_worktimemodule.validate_workprofile_administrationmenu.WorkProfilesExcelValidation" name="cloneOnWorkProfiles" time="23.94">
    <skipped/>
  </testcase> <!-- cloneOnWorkProfiles -->
  <testcase classname="net.testcases_worktimemodule.validate_workprofile_administrationmenu.WorkProfilesExcelValidation" name="cloneOnWorkProfiles" time="28.418"/>
  <testcase classname="net.testcases_worktimemodule.validate_workprofile_administrationmenu.WorkProfilesDeleteWithDependency" name="cloneOnWorkProfiles" time="8.755">
    <skipped/>
  </testcase> <!-- cloneOnWorkProfiles -->
  <testcase classname="net.testcases_worktimemodule.validate_workprofile_administrationmenu.WorkProfilesDeleteWithDependency" name="cloneOnWorkProfiles" time="18.17"/>
  <testcase classname="net.testcases_worktimemodule.validate_workprofile_administrationmenu.WorkProfileForModification" name="modificationOnWorkProfiles" time="17.011"/>
  <testcase classname="net.testcases_worktimemodule.validate_workprofile_administrationmenu.WorkProfileForDelete" name="deletionOnWorkProfiles" time="18.91">
    <skipped/>
  </testcase> <!-- deletionOnWorkProfiles -->
  <testcase classname="net.testcases_worktimemodule.validate_workprofile_administrationmenu.WorkProfileForDelete" name="deletionOnWorkProfiles" time="17.95"/>
</testsuite> <!-- WorkProfile -->
