<?xml version="1.0" encoding="UTF-8"?>
<!-- Generated by org.testng.reporters.JUnitXMLReporter -->
<testsuite ignored="0" hostname="JAMOCHA30" failures="0" tests="6" name="UserDomain" time="173.31" errors="0" timestamp="2024-06-10T14:17:32 IST">
  <testcase classname="net.testcases_worktimemodule.validate_userdomain_administrationmenu.UserDomainPDFValidation" name="pdf" time="20.855"/>
  <testcase classname="net.testcases_worktimemodule.validate_userdomain_administrationmenu.UserDomainDeleteFunction" name="deleteNewFunction" time="19.377"/>
  <testcase classname="net.testcases_worktimemodule.validate_userdomain_administrationmenu.UserDomainExcelValidation" name="excelValidation" time="19.08"/>
  <testcase classname="net.testcases_worktimemodule.validate_userdomain_administrationmenu.UserDomainAddFunction" name="addNewFunction" time="68.797"/>
  <testcase classname="net.testcases_worktimemodule.validate_userdomain_administrationmenu.UserDomainModify" name="modifyFunction" time="20.43"/>
  <testcase classname="net.testcases_worktimemodule.validate_userdomain_administrationmenu.UserDomainSortingFuncton" name="sortingFunction" time="21.538"/>
</testsuite> <!-- UserDomain -->
