<?xml version="1.0" encoding="UTF-8"?>
<!-- Generated by org.testng.reporters.JUnitXMLReporter -->
<testsuite ignored="0" hostname="JAMOCHA30" failures="0" tests="1" name="net.testcases_assetoptimizationmodule.softwaredefinitationCURDopertions" time="27.379" errors="0" timestamp="2024-06-28T17:17:28 IST">
  <testcase classname="net.testcases_assetoptimizationmodule.softwaredefinitationCURDopertions.SoftwareDefinitationForSoftwareTagsCURD" name="softwareDefinitationForSoftwareTagsCURD" time="25.914"/>
</testsuite> <!-- net.testcases_assetoptimizationmodule.softwaredefinitationCURDopertions -->
