<?xml version="1.0" encoding="UTF-8"?>
<!-- Generated by org.testng.reporters.JUnitXMLReporter -->
<testsuite ignored="0" hostname="JAMOCHA30" failures="0" tests="5" name="CHrome" time="99.555" errors="0" timestamp="2024-06-03T16:43:36 IST">
  <testcase classname="net.testcases_worktimemodule.data_aggregation_administrationmenu.DataAggregation" name="aggregationForSingleType" time="17.466">
    <skipped/>
  </testcase> <!-- aggregationForSingleType -->
  <testcase classname="net.testcases_worktimemodule.data_aggregation_administrationmenu.DataAggregation" name="aggregationForSingleType" time="31.928"/>
  <testcase classname="net.testcases_worktimemodule.data_aggregation_administrationmenu.DataAggregationForModificationOnSettingsTabForClearButton" name="modificationOnSettingsTabForClearButton" time="8.005"/>
  <testcase classname="net.testcases_worktimemodule.data_aggregation_administrationmenu.DataAggregationForAllType" name="alltypeValidation" time="28.079"/>
  <testcase classname="net.testcases_worktimemodule.data_aggregation_administrationmenu.DataAggregationForModificationOnSettingsTab" name="modificationOnSettingsTab" time="11.967"/>
</testsuite> <!-- CHrome -->
