<?xml version="1.0" encoding="UTF-8"?>
<!-- Generated by org.testng.reporters.JUnitXMLReporter -->
<testsuite ignored="0" hostname="JAMOCHA30" failures="1" tests="8" name="Data Agreegation" time="184.092" errors="0" timestamp="2024-06-10T14:14:20 IST">
  <testcase classname="net.testcases_worktimemodule.data_aggregation_administrationmenu.DataAggregation" name="aggregationForSingleType" time="24.179">
    <skipped/>
  </testcase> <!-- aggregationForSingleType -->
  <testcase classname="net.testcases_worktimemodule.data_aggregation_administrationmenu.DataAggregation" name="aggregationForSingleType" time="25.618">
    <skipped/>
  </testcase> <!-- aggregationForSingleType -->
  <testcase classname="net.testcases_worktimemodule.data_aggregation_administrationmenu.DataAggregation" name="aggregationForSingleType" time="36.408"/>
  <testcase classname="net.testcases_worktimemodule.data_aggregation_administrationmenu.DataAggregationForModificationOnSettingsTabForClearButton" name="modificationOnSettingsTabForClearButton" time="11.787"/>
  <testcase classname="net.testcases_worktimemodule.data_aggregation_administrationmenu.DataAggregationForAllType" name="alltypeValidation" time="31.417"/>
  <testcase classname="net.testcases_worktimemodule.data_aggregation_administrationmenu.DataAggregationForModificationOnSettingsTab" name="modificationOnSettingsTab" time="16.113">
    <skipped/>
  </testcase> <!-- modificationOnSettingsTab -->
  <testcase classname="net.testcases_worktimemodule.data_aggregation_administrationmenu.DataAggregationForModificationOnSettingsTab" name="modificationOnSettingsTab" time="17.38">
    <skipped/>
  </testcase> <!-- modificationOnSettingsTab -->
  <testcase classname="net.testcases_worktimemodule.data_aggregation_administrationmenu.DataAggregationForModificationOnSettingsTab" name="modificationOnSettingsTab" time="16.017">
    <failure type="org.openqa.selenium.ElementClickInterceptedException" message="element click intercepted: Element &amp;lt;span onclick=&amp;quot;fnDeleteRow(dynamicTr_4);&amp;quot; style=&amp;quot;cursor: pointer;padding-left: 97%;&amp;quot; class=&amp;quot;fa fa-trash-o fa-lg&amp;quot; title=&amp;quot;Delete&amp;quot; &amp;lt;=&amp;quot;&amp;quot; span=&amp;quot;&amp;quot;&amp;gt;&amp;lt;/span&amp;gt; is not clickable at point (243, 278). Other element would receive the click: &amp;lt;div class=&amp;quot;modal fade undraggable in&amp;quot; tabindex=&amp;quot;1&amp;quot; role=&amp;quot;dialog&amp;quot; id=&amp;quot;alertModal&amp;quot; data-backdrop=&amp;quot;static&amp;quot; style=&amp;quot;display: block;&amp;quot;&amp;gt;...&amp;lt;/div&amp;gt;
  (Session info: chrome=118.0.5993.118)
Build info: version: &amp;apos;4.13.0&amp;apos;, revision: &amp;apos;ba948ece5b*&amp;apos;
System info: os.name: &amp;apos;Windows 10&amp;apos;, os.arch: &amp;apos;amd64&amp;apos;, os.version: &amp;apos;10.0&amp;apos;, java.version: &amp;apos;11.0.21&amp;apos;
Driver info: org.openqa.selenium.chrome.ChromeDriver
Command: [1bf804b7ea1f8a0d5a5455c7d32b0261, clickElement {id=0E390090BE323205D738977CFBCE589E_element_1614}]
Capabilities {acceptInsecureCerts: false, browserName: chrome, browserVersion: 118.0.5993.118, chrome: {chromedriverVersion: 118.0.5993.70 (e52f33f30b91..., userDataDir: C:\Users\pavana.c\AppData\L...}, fedcm:accounts: true, goog:chromeOptions: {debuggerAddress: localhost:61535}, networkConnectionEnabled: false, pageLoadStrategy: normal, platformName: windows, proxy: Proxy(), se:cdp: ws://localhost:61535/devtoo..., se:cdpVersion: 118.0.5993.118, setWindowRect: true, strictFileInteractability: false, timeouts: {implicit: 0, pageLoad: 300000, script: 30000}, unhandledPromptBehavior: dismiss and notify, webauthn:extension:credBlob: true, webauthn:extension:largeBlob: true, webauthn:extension:minPinLength: true, webauthn:extension:prf: true, webauthn:virtualAuthenticators: true}
Element: [[ChromeDriver: chrome on windows (1bf804b7ea1f8a0d5a5455c7d32b0261)] -&amp;gt; xpath: //tr[@id =&amp;quot;dynamicTr_4&amp;quot;]/td[1]/span]
Session ID: 1bf804b7ea1f8a0d5a5455c7d32b0261">
      <![CDATA[org.openqa.selenium.ElementClickInterceptedException: element click intercepted: Element <span onclick="fnDeleteRow(dynamicTr_4);" style="cursor: pointer;padding-left: 97%;" class="fa fa-trash-o fa-lg" title="Delete" <="" span=""></span> is not clickable at point (243, 278). Other element would receive the click: <div class="modal fade undraggable in" tabindex="1" role="dialog" id="alertModal" data-backdrop="static" style="display: block;">...</div>
  (Session info: chrome=118.0.5993.118)
Build info: version: '4.13.0', revision: 'ba948ece5b*'
System info: os.name: 'Windows 10', os.arch: 'amd64', os.version: '10.0', java.version: '11.0.21'
Driver info: org.openqa.selenium.chrome.ChromeDriver
Command: [1bf804b7ea1f8a0d5a5455c7d32b0261, clickElement {id=0E390090BE323205D738977CFBCE589E_element_1614}]
Capabilities {acceptInsecureCerts: false, browserName: chrome, browserVersion: 118.0.5993.118, chrome: {chromedriverVersion: 118.0.5993.70 (e52f33f30b91..., userDataDir: C:\Users\pavana.c\AppData\L...}, fedcm:accounts: true, goog:chromeOptions: {debuggerAddress: localhost:61535}, networkConnectionEnabled: false, pageLoadStrategy: normal, platformName: windows, proxy: Proxy(), se:cdp: ws://localhost:61535/devtoo..., se:cdpVersion: 118.0.5993.118, setWindowRect: true, strictFileInteractability: false, timeouts: {implicit: 0, pageLoad: 300000, script: 30000}, unhandledPromptBehavior: dismiss and notify, webauthn:extension:credBlob: true, webauthn:extension:largeBlob: true, webauthn:extension:minPinLength: true, webauthn:extension:prf: true, webauthn:virtualAuthenticators: true}
Element: [[ChromeDriver: chrome on windows (1bf804b7ea1f8a0d5a5455c7d32b0261)] -> xpath: //tr[@id ="dynamicTr_4"]/td[1]/span]
Session ID: 1bf804b7ea1f8a0d5a5455c7d32b0261
at org.openqa.selenium.remote.codec.w3c.W3CHttpResponseCodec.createException(W3CHttpResponseCodec.java:200)
at org.openqa.selenium.remote.codec.w3c.W3CHttpResponseCodec.decode(W3CHttpResponseCodec.java:133)
at org.openqa.selenium.remote.codec.w3c.W3CHttpResponseCodec.decode(W3CHttpResponseCodec.java:52)
at org.openqa.selenium.remote.HttpCommandExecutor.execute(HttpCommandExecutor.java:191)
at org.openqa.selenium.remote.service.DriverCommandExecutor.invokeExecute(DriverCommandExecutor.java:196)
at org.openqa.selenium.remote.service.DriverCommandExecutor.execute(DriverCommandExecutor.java:171)
at org.openqa.selenium.remote.RemoteWebDriver.execute(RemoteWebDriver.java:602)
at org.openqa.selenium.remote.RemoteWebElement.execute(RemoteWebElement.java:224)
at org.openqa.selenium.remote.RemoteWebElement.click(RemoteWebElement.java:77)
at org.openqa.selenium.support.pagefactory.internal.LocatingElementHandler.invoke(LocatingElementHandler.java:51)
at com.sun.proxy.$Proxy14.click(Unknown Source)
at net.pages_worktimemodule.DataAggregationPage.clickDeleteImg(DataAggregationPage.java:362)
at net.testcases_worktimemodule.data_aggregation_administrationmenu.DataAggregationForModificationOnSettingsTab.modificationOnSettingsTab(DataAggregationForModificationOnSettingsTab.java:69)
at java.base/java.util.ArrayList.forEach(ArrayList.java:1541)
... Removed 35 stack frames]]>
    </failure>
  </testcase> <!-- modificationOnSettingsTab -->
</testsuite> <!-- Data Agreegation -->
