<?xml version="1.0" encoding="UTF-8"?>
<!-- Generated by org.testng.reporters.JUnitXMLReporter -->
<testsuite ignored="0" hostname="JAMOCHA30" failures="0" tests="4" name="UserRole" time="81.27" errors="0" timestamp="2024-06-11T15:13:12 IST">
  <testcase classname="net.testcases_worktimemodule.validate_user_roles_administrationmenu.UserRolesModifyManagerEditTimeSheet" name="userRolesModifyManagerEditTimeSheet" time="24.651"/>
  <testcase classname="net.testcases_worktimemodule.validate_user_roles_administrationmenu.UserRolesModifyManagerEditCurrentActivity" name="userRolesModifyManagerEditCurrentActivity" time="18.807"/>
  <testcase classname="net.testcases_worktimemodule.validate_user_roles_administrationmenu.UserRolesModifyManagerEditCustomReports" name="userRolesModifyManagerEditCustomReports" time="16.41"/>
  <testcase classname="net.testcases_worktimemodule.validate_user_roles_administrationmenu.UserRolesModifyManagerEditCustomReportsPublishReport" name="userRolesModifyManagerEditCustomReportsPublishReport" time="18.743"/>
</testsuite> <!-- UserRole -->
