<?xml version="1.0" encoding="UTF-8"?>
<!-- Generated by org.testng.reporters.JUnitXMLReporter -->
<testsuite ignored="0" hostname="JAMOCHA30" failures="0" tests="6" name="CHrome" time="141.388" errors="0" timestamp="2024-06-03T17:06:56 IST">
  <testcase classname="net.testcases_worktimemodule.validate_userdomain_administrationmenu.UserDomainPDFValidation" name="pdf" time="14.176"/>
  <testcase classname="net.testcases_worktimemodule.validate_userdomain_administrationmenu.UserDomainDeleteFunction" name="deleteNewFunction" time="16.069"/>
  <testcase classname="net.testcases_worktimemodule.validate_userdomain_administrationmenu.UserDomainExcelValidation" name="excelValidation" time="13.332"/>
  <testcase classname="net.testcases_worktimemodule.validate_userdomain_administrationmenu.UserDomainAddFunction" name="addNewFunction" time="65.192"/>
  <testcase classname="net.testcases_worktimemodule.validate_userdomain_administrationmenu.UserDomainModify" name="modifyFunction" time="14.472"/>
  <testcase classname="net.testcases_worktimemodule.validate_userdomain_administrationmenu.UserDomainSortingFuncton" name="sortingFunction" time="15.993"/>
</testsuite> <!-- CHrome -->
