<?xml version="1.0" encoding="UTF-8"?>
<!-- Generated by org.testng.reporters.JUnitXMLReporter -->
<testsuite ignored="0" hostname="JAMOCHA30" failures="0" tests="5" name="Data Agreegation" time="108.914" errors="0" timestamp="2024-06-26T20:14:42 IST">
  <testcase classname="net.testcases_worktimemodule.data_aggregation_administrationmenu.DataAggregation" name="aggregationForSingleType" time="31.434"/>
  <testcase classname="net.testcases_worktimemodule.data_aggregation_administrationmenu.DataAggregationForModificationOnSettingsTabForClearButton" name="modificationOnSettingsTabForClearButton" time="6.751"/>
  <testcase classname="net.testcases_worktimemodule.data_aggregation_administrationmenu.DataAggregationForAllType" name="alltypeValidation" time="47.728"/>
  <testcase classname="net.testcases_worktimemodule.data_aggregation_administrationmenu.DataAggregationForModificationOnSettingsTab" name="modificationOnSettingsTab" time="10.819">
    <skipped/>
  </testcase> <!-- modificationOnSettingsTab -->
  <testcase classname="net.testcases_worktimemodule.data_aggregation_administrationmenu.DataAggregationForModificationOnSettingsTab" name="modificationOnSettingsTab" time="10.77"/>
</testsuite> <!-- Data Agreegation -->
