<?xml version="1.0" encoding="UTF-8"?>
<!-- Generated by org.testng.reporters.JUnitXMLReporter -->
<testsuite ignored="0" hostname="JAMOCHA30" failures="1" tests="15" name="AOS" time="415.783" errors="0" timestamp="2024-06-10T14:06:53 IST">
  <testcase classname="net.testcases_worktimemodule.AOS.AOSBulkUploadModify" name="aosBulkUploadModify" time="26.69"/>
  <testcase classname="net.testcases_worktimemodule.AOS.AOSBulkUpload" name="aosBulkUpload" time="17.604"/>
  <testcase classname="net.testcases_worktimemodule.AOS.AOSAddNew" name="addNewFunction" time="25.077"/>
  <testcase classname="net.testcases_worktimemodule.AOS.AOSBulkUploadDelete" name="aosBulkUploadDelete" time="25.99"/>
  <testcase classname="net.testcases_worktimemodule.AOS.AOSDeleteFunction" name="aosDeleteFunction" time="31.193"/>
  <testcase classname="net.testcases_worktimemodule.AOS.AOSUnknownApplicationAddingtoExistingQualifierText" name="aosUnknownApplicationAddingtoExistingQualifierText" time="25.103"/>
  <testcase classname="net.testcases_worktimemodule.AOS.AOSUnknownApplicationAddingtoCreateNew" name="aosUnknownApplicationAddingtoCreateNew" time="54.521">
    <skipped/>
  </testcase> <!-- aosUnknownApplicationAddingtoCreateNew -->
  <testcase classname="net.testcases_worktimemodule.AOS.AOSUnknownApplicationAddingtoCreateNew" name="aosUnknownApplicationAddingtoCreateNew" time="26.477"/>
  <testcase classname="net.testcases_worktimemodule.AOS.AOSUnknownApplicationAddingtoCreateNewQualifierText" name="aosUnknownApplicationAddingtoCreateNewQualifierText" time="21.657"/>
  <testcase classname="net.testcases_worktimemodule.AOS.AOSUnknownApplicationAddingtoExisting" name="aosUnknownApplicationAddingtoExisting" time="22.23"/>
  <testcase classname="net.testcases_worktimemodule.AOS.AOSUnknownApplicationAddingtoCreateNewProcessName" name="aosUnknownApplicationAddingtoCreateNewProcessName" time="21.381"/>
  <testcase classname="net.testcases_worktimemodule.AOS.AOSModifyFunction" name="a0sModifyFunction" time="30.805">
    <skipped/>
  </testcase> <!-- a0sModifyFunction -->
  <testcase classname="net.testcases_worktimemodule.AOS.AOSModifyFunction" name="a0sModifyFunction" time="29.417">
    <skipped/>
  </testcase> <!-- a0sModifyFunction -->
  <testcase classname="net.testcases_worktimemodule.AOS.AOSModifyFunction" name="a0sModifyFunction" time="24.96">
    <failure type="java.lang.AssertionError">
      <![CDATA[java.lang.AssertionError
at org.junit.Assert.fail(Assert.java:86)
at org.junit.Assert.assertTrue(Assert.java:41)
at org.junit.Assert.assertTrue(Assert.java:52)
at net.testcases_worktimemodule.AOS.AOSModifyFunction.a0sModifyFunction(AOSModifyFunction.java:63)
at java.base/java.util.ArrayList.forEach(ArrayList.java:1541)
... Removed 28 stack frames]]>
    </failure>
  </testcase> <!-- a0sModifyFunction -->
  <testcase classname="net.testcases_worktimemodule.AOS.AOSUnknownApplicationAddingtoExistingProcessName" name="aosUnknownApplicationAddingtoExistingProcessName" time="26.213"/>
</testsuite> <!-- AOS -->
