<?xml version="1.0" encoding="UTF-8"?>
<!-- Generated by org.testng.reporters.JUnitXMLReporter -->
<testsuite ignored="0" hostname="JAMOCHA30" failures="0" tests="14" name="CHrome" time="285.26" errors="0" timestamp="2024-06-03T16:38:19 IST">
  <testcase classname="net.testcases_worktimemodule.AOS.AOSBulkUploadModify" name="aosBulkUploadModify" time="23.818"/>
  <testcase classname="net.testcases_worktimemodule.AOS.AOSBulkUpload" name="aosBulkUpload" time="13.446"/>
  <testcase classname="net.testcases_worktimemodule.AOS.AOSAddNew" name="addNewFunction" time="20.33">
    <skipped/>
  </testcase> <!-- addNewFunction -->
  <testcase classname="net.testcases_worktimemodule.AOS.AOSAddNew" name="addNewFunction" time="22.088">
    <skipped/>
  </testcase> <!-- addNewFunction -->
  <testcase classname="net.testcases_worktimemodule.AOS.AOSAddNew" name="addNewFunction" time="20.382"/>
  <testcase classname="net.testcases_worktimemodule.AOS.AOSBulkUploadDelete" name="aosBulkUploadDelete" time="18.254"/>
  <testcase classname="net.testcases_worktimemodule.AOS.AOSDeleteFunction" name="aosDeleteFunction" time="30.209"/>
  <testcase classname="net.testcases_worktimemodule.AOS.AOSUnknownApplicationAddingtoExistingQualifierText" name="aosUnknownApplicationAddingtoExistingQualifierText" time="17.805"/>
  <testcase classname="net.testcases_worktimemodule.AOS.AOSUnknownApplicationAddingtoCreateNew" name="aosUnknownApplicationAddingtoCreateNew" time="16.761"/>
  <testcase classname="net.testcases_worktimemodule.AOS.AOSUnknownApplicationAddingtoCreateNewQualifierText" name="aosUnknownApplicationAddingtoCreateNewQualifierText" time="21.31"/>
  <testcase classname="net.testcases_worktimemodule.AOS.AOSUnknownApplicationAddingtoExisting" name="aosUnknownApplicationAddingtoExisting" time="16.544"/>
  <testcase classname="net.testcases_worktimemodule.AOS.AOSUnknownApplicationAddingtoCreateNewProcessName" name="aosUnknownApplicationAddingtoCreateNewProcessName" time="16.183"/>
  <testcase classname="net.testcases_worktimemodule.AOS.AOSModifyFunction" name="a0sModifyFunction" time="24.661"/>
  <testcase classname="net.testcases_worktimemodule.AOS.AOSUnknownApplicationAddingtoExistingProcessName" name="aosUnknownApplicationAddingtoExistingProcessName" time="18.652"/>
</testsuite> <!-- CHrome -->
