<?xml version="1.0" encoding="UTF-8"?>
<!-- Generated by org.testng.reporters.JUnitXMLReporter -->
<testsuite ignored="0" hostname="JAMOCHA30" failures="0" tests="8" name="SuperGroup" time="201.103" errors="0" timestamp="2024-06-26T19:26:07 IST">
  <testcase classname="net.testcases_worktimemodule.supergroup_addmodifydelete_with_bulkupload_and_validate_offlinereports_in_mysql.AddSuperGroupInMysql" name="addSuperGroupInMysql" time="18.492"/>
  <testcase classname="net.testcases_worktimemodule.supergroup_addmodifydelete_with_bulkupload_and_validate_offlinereports_in_mysql.ModifySuperGroupInMysql" name="modifySuperGroupInMysql" time="23.383"/>
  <testcase classname="net.testcases_worktimemodule.supergroup_addmodifydelete_with_bulkupload_and_validate_offlinereports_in_mysql.DeleteSuperGroupInMysql" name="deleteSuperGroupInMysql" time="26.84"/>
  <testcase classname="net.testcases_worktimemodule.supergroup_addmodifydelete_with_bulkupload_and_validate_offlinereports_in_mysql.ExcelDataValidationForSuperGroupTable" name="excelValidationForSuperGroupTableInMysql" time="16.049"/>
  <testcase classname="net.testcases_worktimemodule.supergroup_addmodifydelete_with_bulkupload_and_validate_offlinereports_in_mysql.PDFDataValidationForSuperGroupTable" name="pdfValidationForSuperGroupTableInMysql" time="18.111"/>
  <testcase classname="net.testcases_worktimemodule.supergroup_addmodifydelete_with_bulkupload_and_validate_offlinereports_in_mysql.SuperGroupBulkUploadAddMysql" name="superGroupBulkUploadAdd" time="28.825"/>
  <testcase classname="net.testcases_worktimemodule.supergroup_addmodifydelete_with_bulkupload_and_validate_offlinereports_in_mysql.SuperGroupBulkUploadModifyMysql" name="superGroupBulkUploadModify" time="25.684"/>
  <testcase classname="net.testcases_worktimemodule.supergroup_addmodifydelete_with_bulkupload_and_validate_offlinereports_in_mysql.SuperGroupBulkUploadDeleteMysql" name="superGroupBulkUploadDelete" time="41.163"/>
</testsuite> <!-- SuperGroup -->
