<?xml version="1.0" encoding="UTF-8"?>
<testng-results ignored="0" total="1" passed="1" failed="0" skipped="0">
  <reporter-output>
  </reporter-output>
  <suite started-at="2024-06-28T17:17:01 IST" name="net.testcases_assetoptimizationmodule.softwaredefinitationCURDopertions" finished-at="2024-06-28T17:17:28 IST" duration-ms="27379">
    <groups>
    </groups>
    <test started-at="2024-06-28T17:17:01 IST" name="net.testcases_assetoptimizationmodule.softwaredefinitationCURDopertions" finished-at="2024-06-28T17:17:28 IST" duration-ms="27379">
      <class name="net.testcases_assetoptimizationmodule.softwaredefinitationCURDopertions.SoftwareDefinitationForSoftwareTagsCURD">
        <test-method signature="softwareDefinitationForSoftwareTagsCURD(java.lang.String)[pri:0, instance:net.testcases_assetoptimizationmodule.softwaredefinitationCURDopertions.SoftwareDefinitationForSoftwareTagsCURD@49ec6a9f]" started-at="2024-06-28T17:17:01 IST" name="softwareDefinitationForSoftwareTagsCURD" description="Software Definitation For SoftwareTagsCURD" finished-at="2024-06-28T17:17:27 IST" duration-ms="25914" status="PASS">
          <params>
            <param index="0">
              <value>
                <![CDATA[chrome]]>
              </value>
            </param>
          </params>
          <reporter-output>
          </reporter-output>
        </test-method> <!-- softwareDefinitationForSoftwareTagsCURD -->
        <test-method is-config="true" signature="tearDown(org.testng.ITestResult)[pri:0, instance:net.testcases_assetoptimizationmodule.softwaredefinitationCURDopertions.SoftwareDefinitationForSoftwareTagsCURD@49ec6a9f]" started-at="2024-06-28T17:17:27 IST" name="tearDown" finished-at="2024-06-28T17:17:28 IST" duration-ms="890" status="PASS">
          <params>
            <param index="0">
              <value>
                <![CDATA[[TestResult name=softwareDefinitationForSoftwareTagsCURD status=SUCCESS method=SoftwareDefinitationForSoftwareTagsCURD.softwareDefinitationForSoftwareTagsCURD(java.lang.String)[pri:0, instance:net.testcases_assetoptimizationmodule.softwaredefinitationCURDopertions.SoftwareDefinitationForSoftwareTagsCURD@49ec6a9f] output={null}]]]>
              </value>
            </param>
          </params>
          <reporter-output>
          </reporter-output>
        </test-method> <!-- tearDown -->
      </class> <!-- net.testcases_assetoptimizationmodule.softwaredefinitationCURDopertions.SoftwareDefinitationForSoftwareTagsCURD -->
    </test> <!-- net.testcases_assetoptimizationmodule.softwaredefinitationCURDopertions -->
  </suite> <!-- net.testcases_assetoptimizationmodule.softwaredefinitationCURDopertions -->
  <suite started-at="2024-06-28T17:17:28 IST" name="FolderWiseTestCases" finished-at="2024-06-28T17:17:28 IST" duration-ms="0">
    <groups>
    </groups>
  </suite> <!-- FolderWiseTestCases -->
</testng-results>
