<?xml version="1.0" encoding="UTF-8"?>
<!-- Generated by org.testng.reporters.JUnitXMLReporter -->
<testsuite ignored="2" hostname="JAMOCHA64" failures="3" tests="3" name="Test" time="2.366" errors="0" timestamp="2024-04-15T12:50:01 IST">
  <testcase classname="net.application_test_cases.categories_category.AddCategory" name="addCategory" time="1.927">
    <failure type="java.lang.NullPointerException">
      <![CDATA[java.lang.NullPointerException
at net.application_test_cases.Listeners.testStepDescription(Listeners.java:73)
at net.application_test_cases.categories_category.AddCategory.addCategory(AddCategory.java:43)
at java.base/java.util.ArrayList.forEach(ArrayList.java:1540)
... Removed 27 stack frames]]>
    </failure>
  </testcase> <!-- addCategory -->
  <testcase classname="net.application_test_cases.categories_category.ModifyCategory" name="modifyCategory" time="0.206">
    <failure type="java.lang.NullPointerException">
      <![CDATA[java.lang.NullPointerException
at net.application_test_cases.Listeners.testStepDescription(Listeners.java:73)
at net.application_test_cases.categories_category.ModifyCategory.modifyCategory(ModifyCategory.java:39)
at java.base/java.util.ArrayList.forEach(ArrayList.java:1540)
... Removed 27 stack frames]]>
    </failure>
  </testcase> <!-- modifyCategory -->
  <testcase classname="net.application_test_cases.categories_category.DeleteCategory" name="deleteCategory" time="0.125">
    <failure type="java.lang.NullPointerException">
      <![CDATA[java.lang.NullPointerException
at net.application_test_cases.Listeners.testStepDescription(Listeners.java:73)
at net.application_test_cases.categories_category.DeleteCategory.deleteCategory(DeleteCategory.java:40)
at java.base/java.util.ArrayList.forEach(ArrayList.java:1540)
... Removed 27 stack frames]]>
    </failure>
  </testcase> <!-- deleteCategory -->
  <testcase classname="net.application_test_cases.BaseTest" name="@AfterTest teardown" time="0.0">
    <ignored/>
  </testcase> <!-- @AfterTest teardown -->
  <testcase classname="net.application_test_cases.BaseTest" name="@AfterTest teardown" time="0.0">
    <ignored/>
  </testcase> <!-- @AfterTest teardown -->
</testsuite> <!-- Test -->
