<?xml version="1.0" encoding="UTF-8"?>
<!-- Generated by org.testng.reporters.JUnitXMLReporter -->
<testsuite ignored="0" hostname="JAMOCHA30" failures="0" tests="4" name="Category" time="220.696" errors="0" timestamp="2024-06-26T20:12:54 IST">
  <testcase classname="net.testcases_worktimemodule.categories_category_administrationmenu.AddCategory" name="addCategory" time="11.276"/>
  <testcase classname="net.testcases_worktimemodule.categories_category_administrationmenu.ModifyCategory" name="modifyCategory" time="10.631"/>
  <testcase classname="net.testcases_worktimemodule.categories_category_administrationmenu.DeleteCategory" name="deleteCategory" time="58.934">
    <skipped/>
  </testcase> <!-- deleteCategory -->
  <testcase classname="net.testcases_worktimemodule.categories_category_administrationmenu.DeleteCategory" name="deleteCategory" time="138.489"/>
</testsuite> <!-- Category -->
