<?xml version="1.0" encoding="UTF-8"?>
<!-- Generated by org.testng.reporters.JUnitXMLReporter -->
<testsuite ignored="0" hostname="JAMOCHA30" failures="0" tests="7" name="net.testcases_wrokflowmodule.validate_customattribute_bulkupload" time="146.37" errors="0" timestamp="2024-06-26T19:37:31 IST">
  <testcase classname="net.testcases_wrokflowmodule.validate_customattribute_bulkupload.CustomAttributeWithDuplicateName" name="customAttributeWithDuplicateName" time="11.489">
    <skipped/>
  </testcase> <!-- customAttributeWithDuplicateName -->
  <testcase classname="net.testcases_wrokflowmodule.validate_customattribute_bulkupload.CustomAttributeWithDuplicateName" name="customAttributeWithDuplicateName" time="22.636"/>
  <testcase classname="net.testcases_wrokflowmodule.validate_customattribute_bulkupload.CustomAttributeWithDeleteWithDependency" name="customAttributeWithModifyFieldType" time="17.669"/>
  <testcase classname="net.testcases_wrokflowmodule.validate_customattribute_bulkupload.CustomAttributeWithModifyFieldType" name="customAttributeWithModifyFieldType" time="17.609"/>
  <testcase classname="net.testcases_wrokflowmodule.validate_customattribute_bulkupload.CustomAttributeWithMissingField" name="customAttributeWithMissingField" time="17.514"/>
  <testcase classname="net.testcases_wrokflowmodule.validate_customattribute_bulkupload.CustomAttributeBulkUpload" name="customAttributeBulkUpload" time="36.338"/>
  <testcase classname="net.testcases_wrokflowmodule.validate_customattribute_bulkupload.CustomAttributeWithFilterbyProcess" name="customAttributeWithDuplicateName" time="20.389"/>
</testsuite> <!-- net.testcases_wrokflowmodule.validate_customattribute_bulkupload -->
