<?xml version="1.0" encoding="UTF-8"?>
<!-- Generated by org.testng.reporters.JUnitXMLReporter -->
<testsuite ignored="0" hostname="JAMOCHA30" failures="0" tests="7" name="net.testcases_worktimemodule.AuditTrailTabValidationWrokTimeAdministrationMenu" time="210.2" errors="0" timestamp="2024-06-26T19:33:33 IST">
  <testcase classname="net.testcases_worktimemodule.AuditTrailTabValidationWrokTimeAdministrationMenu.ValidateActionAddAuditTrail" name="actionAdd" time="30.527"/>
  <testcase classname="net.testcases_worktimemodule.AuditTrailTabValidationWrokTimeAdministrationMenu.ValidateActionModifyAuditTrail" name="actionModify" time="28.157"/>
  <testcase classname="net.testcases_worktimemodule.AuditTrailTabValidationWrokTimeAdministrationMenu.ValidateActionDeleteAuditTrail" name="actionDelete" time="20.296"/>
  <testcase classname="net.testcases_worktimemodule.AuditTrailTabValidationWrokTimeAdministrationMenu.ValidateActionLoginAuditTrail" name="actionLogin" time="31.262"/>
  <testcase classname="net.testcases_worktimemodule.AuditTrailTabValidationWrokTimeAdministrationMenu.ValidateActionLogoutAuditTrail" name="actionLogout" time="22.604"/>
  <testcase classname="net.testcases_worktimemodule.AuditTrailTabValidationWrokTimeAdministrationMenu.ValidateActionServiceAuditTrail" name="actionService" time="36.395"/>
  <testcase classname="net.testcases_worktimemodule.AuditTrailTabValidationWrokTimeAdministrationMenu.ValidateActionViewAuditTrail" name="actionView" time="37.029"/>
</testsuite> <!-- net.testcases_worktimemodule.AuditTrailTabValidationWrokTimeAdministrationMenu -->
