<?xml version="1.0" encoding="UTF-8"?>
<!-- Generated by org.testng.reporters.JUnitXMLReporter -->
<testsuite ignored="0" hostname="JAMOCHA30" failures="0" tests="7" name="net.testcases_worktimemodule.BusinessHierarchy" time="91.824" errors="0" timestamp="2024-06-26T19:35:04 IST">
  <testcase classname="net.testcases_worktimemodule.BusinessHierarchy.HierarchyMappingBulkUploadForModifyConsoleId" name="hierarchyMappingBulkUploadCURD" time="15.444"/>
  <testcase classname="net.testcases_worktimemodule.BusinessHierarchy.HierarchyMappingBulkUploadCURD" name="hierarchyMappingBulkUploadCURD" time="15.101"/>
  <testcase classname="net.testcases_worktimemodule.BusinessHierarchy.HierarchyStructureRequiredField" name="hierarchyStructureRequiredField" time="12.529"/>
  <testcase classname="net.testcases_worktimemodule.BusinessHierarchy.HierarchyStructureClear" name="hierarchyStructureClear" time="8.416"/>
  <testcase classname="net.testcases_worktimemodule.BusinessHierarchy.HierarchyStructureExcelExport" name="hierarchyStructureExcelExport" time="13.358"/>
  <testcase classname="net.testcases_worktimemodule.BusinessHierarchy.HierarchyStructureCRUD" name="hierarchyStructureCRUD" time="13.514"/>
  <testcase classname="net.testcases_worktimemodule.BusinessHierarchy.HierarchyStructurePdfExport" name="hierarchyStructurePdfExport" time="11.371"/>
</testsuite> <!-- net.testcases_worktimemodule.BusinessHierarchy -->
