<?xml version="1.0" encoding="UTF-8"?>
<!-- Generated by org.testng.reporters.JUnitXMLReporter -->
<testsuite ignored="0" hostname="JAMOCHA30" failures="0" tests="13" name="AOS" time="401.753" errors="0" timestamp="2024-06-26T19:22:46 IST">
  <testcase classname="net.testcases_worktimemodule.AOS.AOSBulkUploadModify" name="aosBulkUploadModify" time="132.886"/>
  <testcase classname="net.testcases_worktimemodule.AOS.AOSBulkUpload" name="aosBulkUpload" time="18.982"/>
  <testcase classname="net.testcases_worktimemodule.AOS.AOSAddNew" name="addNewFunction" time="33.567">
    <skipped/>
  </testcase> <!-- addNewFunction -->
  <testcase classname="net.testcases_worktimemodule.AOS.AOSAddNew" name="addNewFunction" time="25.423"/>
  <testcase classname="net.testcases_worktimemodule.AOS.AOSBulkUploadDelete" name="aosBulkUploadDelete" time="29.19"/>
  <testcase classname="net.testcases_worktimemodule.AOS.AOSDeleteFunction" name="aosDeleteFunction" time="33.305"/>
  <testcase classname="net.testcases_worktimemodule.AOS.AOSUnknownApplicationAddingtoExistingQualifierText" name="aosUnknownApplicationAddingtoExistingQualifierText" time="20.603"/>
  <testcase classname="net.testcases_worktimemodule.AOS.AOSUnknownApplicationAddingtoCreateNew" name="aosUnknownApplicationAddingtoCreateNew" time="15.856"/>
  <testcase classname="net.testcases_worktimemodule.AOS.AOSUnknownApplicationAddingtoCreateNewQualifierText" name="aosUnknownApplicationAddingtoCreateNewQualifierText" time="14.678"/>
  <testcase classname="net.testcases_worktimemodule.AOS.AOSUnknownApplicationAddingtoExisting" name="aosUnknownApplicationAddingtoExisting" time="24.273"/>
  <testcase classname="net.testcases_worktimemodule.AOS.AOSUnknownApplicationAddingtoExistingProcessName" name="aosUnknownApplicationAddingtoExistingProcessName" time="15.215"/>
  <testcase classname="net.testcases_worktimemodule.AOS.AOSUnknownApplicationAddingtoCreateNewProcessName" name="aosUnknownApplicationAddingtoCreateNewProcessName" time="12.476"/>
  <testcase classname="net.testcases_worktimemodule.AOS.AOSModifyFunction" name="a0sModifyFunction" time="21.271"/>
</testsuite> <!-- AOS -->
